2026-04-01 14:14:32  --- OREF accumulator starting ---
2026-04-01 14:14:32  Cloudflare Worker returned 5 records
2026-04-01 14:14:32  WARNING: could not load Gist, starting fresh: The remote server returned an error: (401) Unauthorized.
2026-04-01 14:14:33  +5 new records  →  5 total
2026-04-01 14:14:33  ERROR uploading to Gist: The remote server returned an error: (401) Unauthorized.
2026-04-01 14:16:53  --- OREF accumulator starting ---
2026-04-01 14:16:53  Cloudflare Worker returned 5 records
2026-04-01 14:16:53  Gist currently has 5 stored records
2026-04-01 14:16:53  +5 new records  →  10 total
2026-04-01 14:16:54  Gist updated successfully  (updated_at: 2026-04-01T11:16:55Z)
2026-04-01 14:16:54  --- Done ---
2026-04-02 17:31:42  --- OREF accumulator starting ---
2026-04-02 17:31:43  Cloudflare Worker returned 64 records
2026-04-02 17:31:43  Gist currently has 10 stored records
2026-04-02 17:31:43  +62 new records  →  72 total
2026-04-02 17:31:44  Gist updated successfully  (updated_at: 2026-04-02T14:31:45Z)
2026-04-02 17:31:44  --- Done ---
2026-04-02 18:18:33  --- OREF accumulator starting ---
2026-04-02 18:18:56  Cloudflare Worker returned 407317 records
2026-04-02 18:18:57  Gist currently has 72 stored records
2026-04-04 10:07:30  --- OREF accumulator starting ---
2026-04-04 10:07:47  Cloudflare Worker returned 407317 records
2026-04-04 10:07:49  Gist currently has 72 stored records
2026-04-04 10:18:32  --- OREF accumulator starting ---
2026-04-04 10:18:52  ERROR fetching from Cloudflare Worker: The operation has timed out.
2026-04-04 11:18:32  --- OREF accumulator starting ---
2026-04-04 11:18:55  Cloudflare Worker returned 407317 records
2026-04-04 11:18:57  Gist currently has 72 stored records
